   1:				
   2:     -	5200          	 org $5200 
   3:				
   4:     -	4467          	@DSPLY		equ	$4467
   5:     -	402D          	@EXIT		equ	$402d
   6:     -	002B          	@KBD    	equ 	$002b 
   7:     -	0033          	@DSP    	equ 	$0033
   8:     -	0049          	@KEY    	equ 	$0049 
   9:				
  10:     -	0402          	k_Q		equ	$380402
  11:				
  12:     -	0003          	ETX     equ 	$03 
  13:     -	000D          	ENTER	equ	$0d ; @DSPLY with newline
  14:     -	0020          	SPACE   equ 	$20 
  15:     -	0000          	NULL    equ 	$0 
  16:				
  17:     -	5200  00      	lastbyte 	defb 	0
  18:				
  19:     -	5201  00      	timer0delta	defb 	0
  20:				
  21:     -	5202  00      	curcount 	defb 	0
  22:     -	5203  00      	curcounth 	defb 	0
  23:					
  24:     -	5204  00      	midiadr 	defb 	0
  25:     -	5205  00      	midiadrh 	defb 	0     
  26:				
  27:     -	5206  00      	timer0	 	defb 	0
  28:     -	5207  00      	timer	 	defb 	0
  29:     -	5208  00      	timerh	 	defb 	0
  30:				
  31:				
  32:     -	5209  0D      	title0		defb  ENTER 
  33:     -	520A  2A2A2A20	title1		defb  '*** MIDI/80 Playback from TRS-80 RAM - (C) 2024 LambdaMikel ***', ENTER
	              4D494449
	              2F383020
	              506C6179
	              6261636B
	              2066726F
	              6D205452
	              532D3830
	              2052414D
	              202D2028
	              43292032
	              30323420
	              4C616D62
	              64614D69
	              6B656C20
	              2A2A2A0D
  34:     -	524A  20202020	title2          defb  '    SONGNAME: 1980-F After the Fire', ENTER
	              534F4E47
	              4E414D45
	              3A203139
	              38302D46
	              20416674
	              65722074
	              68652046
	              6972650D
  35:     -	526E  0D      	title3		defb  ENTER
  36:     -	526F  456E7465	title4		defb  'Enter playback speed (Model 3/4 = 4, Model 1 = 6)? ', ENTER 
	              7220706C
	              61796261
	              636B2073
	              70656564
	              20284D6F
	              64656C20
	              332F3420
	              3D20342C
	              204D6F64
	              656C2031
	              203D2036
	              293F200D
  37:     -	52A3  506C6179	title5		defb  'Playing... (Q for quit)', ENTER
	              696E672E
	              2E2E2028
	              5120666F
	              72207175
	              6974290D
  38:				
  39:     -	52BB  0D      	endm0		defb  ENTER
  40:     -	52BC  5468616E	endm1		defb  'Thanks for listening!', ENTER
	              6B732066
	              6F72206C
	              69737465
	              6E696E67
	              210D
  41:     -	52D2  0D      	endm2		defb  ENTER
  42:     -	52D3  4D616B69	endm3		defb  'Making your own songs is easy:', ENTER
	              6E672079
	              6F757220
	              6F776E20
	              736F6E67
	              73206973
	              20656173
	              793A0D
  43:     -	52F2  68747470	endm4 		defb  'https://github.com/lambdamikel/MIDI-80', ENTER
	              733A2F2F
	              67697468
	              75622E63
	              6F6D2F6C
	              616D6264
	              616D696B
	              656C2F4D
	              4944492D
	              38300D
  44:     -	5319  0D      	endm5 		defb  ENTER
  45:				
  46:     -	531A  52414D3A	dispbuf 	defb 'RAM: ',0,0,0,0,'-',0,0,0,0,ENTER 
	              20000000
	              002D0000
	              00000D
  47:				
  48:     -	5329          	start:
  49:				
  50:    0+10	5329  210952  		ld hl,title0
  51:   10+17	532C  CD6744  		call @DSPLY
  52:   27+10	532F  210A52  		ld hl,title1
  53:   37+17	5332  CD6744  		call @DSPLY
  54:   54+10	5335  214A52  		ld hl,title2
  55:   64+17	5338  CD6744  		call @DSPLY
  56:   81+10	533B  216E52  		ld hl,title3
  57:   91+17	533E  CD6744  		call @DSPLY
  58:				
  59:					;;  show start
  60:  108+10	5341  015454  		ld bc,mididata
  61:  118+11	5344  C5      		push bc 
  62:  129+4	5345  48      		ld c,b 
  63:  133+17	5346  CD4054  		call byte2ascii
  64:  150+10	5349  211F53  		ld hl,dispbuf+5
  65:  160+7	534C  72      		ld (hl),d
  66:  167+6	534D  23      		inc hl
  67:  173+7	534E  73      		ld (hl),e
  68:  180+6	534F  23      		inc hl
  69:  186+10	5350  C1      		pop bc
  70:  196+17	5351  CD4054  		call byte2ascii
  71:  213+7	5354  72      		ld (hl),d
  72:  220+6	5355  23      		inc hl
  73:  226+7	5356  73      		ld (hl),e
  74:				
  75:  233+6	5357  23      		inc hl
  76:  239+6	5358  23      		inc hl
  77:					;;  show end
  78:  245+10	5359  0191C0  		ld bc,midiend
  79:  255+11	535C  C5      		push bc 
  80:  266+4	535D  48      		ld c,b 
  81:  270+17	535E  CD4054  		call byte2ascii
  82:  287+7	5361  72      		ld (hl),d
  83:  294+6	5362  23      		inc hl
  84:  300+7	5363  73      		ld (hl),e
  85:  307+6	5364  23      		inc hl
  86:  313+10	5365  C1      		pop bc
  87:  323+17	5366  CD4054  		call byte2ascii
  88:  340+7	5369  72      		ld (hl),d
  89:  347+6	536A  23      		inc hl
  90:  353+7	536B  73      		ld (hl),e
  91:				
  92:					;;  show buffer
  93:  360+10	536C  211A53  		ld hl,dispbuf 
  94:  370+17	536F  CD6744  		call @DSPLY
  95:					
  96:					;;  ask for playback speed
  97:					;; ld hl,title4
  98:					;; call @DSPLY ; Show Enter playback speed message
  99:				
 100:  387+17	5372  CD3F54  		call allnotesoff
 101:				
 102:				        ;; Enter a key for playback speed
 103:					;call @KEY    
 104:					;sub 48 ; "0" = 48
 105:				
 106:				        ;; Optional use a constant value for playback speed
 107:				        ;; normal speed = 5
 108:  404+7	5375  3E05    	        ld a, 5 ; Playback speed
 109:				
 110:  411+13	5377  320152  		ld (timer0delta), a
 111:  424+13	537A  320652  		ld (timer0), a
 112:				
 113:  437+10	537D  21A352  		ld hl,title5
 114:  447+17	5380  CD6744  		call @DSPLY
 115:				
 116:					;; M3 - turn off display waitstates
 117:					;; not necessary
 118:				
 119:					;in  a,($ff)
 120:					;or  a,$10
 121:					;and a,~$20
 122:					;out ($ec),a
 123:				
 124:					;; play 
 125:				
 126:  464+10	5383  210452  		ld hl,midiadr ; write mididata start adress $6000 into pointer reg.
 127:  474+10	5386  3654    		ld (hl),mididata mod 256
 128:  484+6	5388  23      		inc hl
 129:  490+10	5389  3654    		ld (hl),mididata / 256 
 130:  500+16	538B  2A0452  		ld hl,(midiadr)
 131:				
 132:  516+7	538E  5E      		ld e,(hl) ; store first time delta into curcount 
 133:  523+7	538F  1600    		ld d,0
 134:  530+20	5391  ED530252		ld (curcount),de
 135:				
 136:     -	5395          	next:
 137:				
 138:					;ld	a,(k_Q >> 8)
 139:					;and	k_Q % $100
 140:					;call	nz, endofsong
 141:				
 142:  550+17	5395  CD2B00  		call @KBD
 143:  567+7	5398  FE51    		cp 81 ; Q = quit 
 144:  574+10	539A  CAE153  		jp z, endofsong
 145:				
 146:				
 147:     -	539D          	midiavail:	
 148:				
 149:  584+17	539D  CDB053  		call avail
 150:  601+7	53A0  FE01    		cp 1
 151:  608+7+5	53A2  2807    		jr z, process
 152:  615+7	53A4  FE02    		cp 2  ; 2 = end of data
 153:  622+10	53A6  CAE153  		jp z, endofsong
 154:  632+12	53A9  18EA    		jr next
 155:				
 156:					
 157:     -	53AB          	process:
 158:					
 159:  644+17	53AB  CD0B54  		call outa
 160:  661+12	53AE  18E5    		jr next     
 161:				
 162:     -	53B0          	avail:
 163:					
 164:  673+17	53B0  CD2454  		call get_timer ; get timer -> HL 
 165:  690+20	53B3  ED5B0252		ld de,(curcount)
 166:  710+7	53B7  1600    		ld d,0
 167:  717+15	53B9  ED52    		sbc hl,de  
 168:  732+7+5	53BB  3821    		jr c,notyet ; current ticker (HL) smaller than MIDI next counter (DE) 
 169:					
 170:  739+16	53BD  2A0452  		ld hl,(midiadr) ; load MIDI data for current block 
 171:  755+6	53C0  23      		inc hl ; advance to read MIDI data for the match  
 172:  761+7	53C1  46      		ld b,(hl) ; read MIDI data for current block 
 173:  768+6	53C2  23      		inc hl ; pointer points to next MIDI block, pre-load curcounter
 174:  774+11	53C3  E5      		push hl ; save current pointer, preload counter
 175:  785+7	53C4  5E      		ld e,(hl) 
 176:  792+7	53C5  1600    		ld d,0
 177:  799+20	53C7  ED530252		ld (curcount),de ; store next counter for fast access during playback
 178:  819+4	53CB  7B      		ld a,e
 179:  823+7	53CC  FEFF    		cp 255
 180:  830+7+5	53CE  2811    		jr z,endofsong
 181:  837+10	53D0  210052  		ld hl,lastbyte
 182:  847+7	53D3  70      		ld (hl), b ; store MIDI byte there     
 183:  854+10	53D4  D1      		pop de ; get saved pointer 
 184:  864+10	53D5  210452  		ld hl,midiadr
 185:  874+7	53D8  73      		ld (hl),e ; update pointer
 186:  881+6	53D9  23      		inc hl
 187:  887+7	53DA  72      		ld (hl),d
 188:  894+7	53DB  3E01    		ld a,1 ; signal byte is available
 189:  901+10	53DD  C9      		ret
 190:				
 191:     -	53DE          	notyet:	
 192:				
 193:  911+7	53DE  3E00    		ld a,0 ; signal no byte available
 194:  918+10	53E0  C9      		ret
 195:				
 196:     -	53E1          	endofsong:
 197:				
 198:  928+10	53E1  21BB52  		ld hl,endm0
 199:  938+17	53E4  CD6744  		call @DSPLY
 200:  955+10	53E7  21BC52  		ld hl,endm1
 201:  965+17	53EA  CD6744  		call @DSPLY
 202:  982+10	53ED  21D252  		ld hl,endm2
 203:  992+17	53F0  CD6744  		call @DSPLY
 204: 1009+10	53F3  21D352  		ld hl,endm3
 205: 1019+17	53F6  CD6744  		call @DSPLY
 206: 1036+10	53F9  21F252  		ld hl,endm4
 207: 1046+17	53FC  CD6744  		call @DSPLY
 208: 1063+10	53FF  211953  		ld hl,endm5
 209: 1073+17	5402  CD6744  		call @DSPLY
 210:				
 211:					; ld a,"@"
 212:					; call @DSP 
 213:				
 214: 1090+17	5405  CD3F54  		call allnotesoff	
 215: 1107+17	5408  CD2D40  		call @EXIT
 216:					; ret
 217:				
 218:     -	540B          	outa:	
 219: 1124+13	540B  3A0052  		ld a,(lastbyte)
 220:     -	540E          	outa1:
 221: 1137+11	540E  D308    		out (8),a
 222: 1148+10	5410  110000  		ld de,0 ; clear ticker 
 223: 1158+10	5413  210000  		ld hl,0
 224: 1168+16	5416  220752  		ld (timer),hl 
 225: 1184+10	5419  C9      		ret
 226:					 
 227:     -	541A          	short_delay:
 228: 1194+10	541A  119000  		ld de,$0090
 229:     -	541D          	loop: 
 230: 1204+6	541D  1B      		dec de
 231: 1210+4	541E  7A      		ld a,d
 232: 1214+4	541F  B3      		or e
 233: 1218+10	5420  C21D54  		jp nz,loop
 234: 1228+10	5423  C9      		ret 
 235:				
 236:     -	5424          	get_timer:
 237: 1238+16	5424  2A0752  		ld hl, (timer)
 238: 1254+13	5427  3A0652  		ld a, (timer0)
 239: 1267+4	542A  3D      		dec a
 240: 1271+13	542B  320652  		ld (timer0), a
 241: 1284+7	542E  FE00    		cp 0 ; zero ?
 242: 1291+5+6	5430  C0      		ret nz 
 243:				
 244: 1296+13	5431  3A0152  		ld a, (timer0delta) 
 245: 1309+13	5434  320652  		ld (timer0), a
 246:				
 247: 1322+16	5437  2A0752  		ld hl, (timer)	
 248: 1338+6	543A  23      		inc hl
 249: 1344+16	543B  220752  		ld (timer), hl
 250:					
 251: 1360+10	543E  C9      		ret 
 252:				
 253:     -	543F          	allnotesoff:
 254:				
 255:					;; doesn't work
 256:				
 257:					;;  Proteus mode: F0 7E 00 09 02 F7
 258:				
 259:					; ld a,$f0 
 260:					; call outa1
 261:					; call short_delay
 262:				
 263:					; ld a,$7e
 264:					; call outa1
 265:					; call short_delay
 266:				
 267:					; ld a,$00
 268:					; call outa1
 269:					; call short_delay
 270:				
 271:					; ld a,$09
 272:					; call outa1
 273:					; call short_delay
 274:				
 275:					; ld a,$02
 276:					; call outa1
 277:					; call short_delay
 278:				
 279:					; ld a,$f7
 280:					; call outa1
 281:					; call short_delay
 282:				
 283:					
 284:					
 285:					; ;; send all notes off: 10110000 = 176, 123, 0
 286:					; ld a,176 ; CC 
 287:					; call outa1
 288:					; call short_delay
 289:				
 290:					; ld a,124 		; OMNI MODE ON also clears notes! 
 291:					; call outa1
 292:					; call short_delay
 293:				
 294:					; ld a,0 
 295:					; call outa1
 296:					; call short_delay
 297:				
 298:					; ld a,176 ; CC 
 299:					; call outa1
 300:					; call short_delay
 301:				
 302:					; ld a,123 		; OMNI MODE ON also clears notes! 
 303:					; call outa1
 304:					; call short_delay
 305:				
 306:					; ld a,0 
 307:					; call outa1
 308:					; call short_delay
 309:				
 310: 1370+10	543F  C9      		ret
 311:				
 312:     -	5440          	byte2ascii: 			; input c, output de ASCII 
 313: 1380+4	5440  79      	   ld a, c
 314: 1384+4	5441  1F      	   rra
 315: 1388+4	5442  1F      	   rra
 316: 1392+4	5443  1F      	   rra
 317: 1396+4	5444  1F      	   rra
 318: 1400+17	5445  CD4A54  	   call convnibble 
 319: 1417+4	5448  57      	   ld d, a	
 320: 1421+4	5449  79      	   ld  a,c
 321:     -	544A          	convnibble:
 322: 1425+7	544A  E60F    	   and  $0F
 323: 1432+7	544C  C690    	   add  a,$90
 324: 1439+4	544E  27      	   daa
 325: 1443+7	544F  CE40    	   adc  a,$40
 326: 1450+4	5451  27      	   daa
 327: 1454+4	5452  5F      	   ld e, a	
 328: 1458+10	5453  C9      	   ret
 329:					
 330:     -	5454          	mididata equ 	$
 331:					
 332:     -	5454 ..9453 		incbin 'midibin/1980-F After the Fire0.bin'
 333:     -	9454 ..C08D 		incbin 'midibin/1980-F After the Fire1.bin'
 334:				
 335:     -	C08E  FFFFFF  	endbytes	defb 	$ff, $ff, $ff
 336:				
 337:     -	C091          	midiend equ 	$
 338:				
 339:     -	5329          	 end start



Statistics:

     4	passes
     0	jr promotions
    50	symbols
 28305	bytes



Symbol Table:

@DSP           =33        51
@DSPLY         =4467      17511
@EXIT          =402D      16429
@KBD           =2B        43
@KEY           =49        73
ENTER          =0D        13
ETX            =03        3
NULL           =00        0
SPACE          =20        32
allnotesoff     543F      21567
avail           53B0      21424
byte2ascii      5440      21568
convnibble      544A      21578
curcount        5202      20994
curcounth       5203      20995
dispbuf         531A      21274
endbytes        C08E      49294
endm0           52BB      21179
endm1           52BC      21180
endm2           52D2      21202
endm3           52D3      21203
endm4           52F2      21234
endm5           5319      21273
endofsong       53E1      21473
get_timer       5424      21540
k_Q            =00380402  3671042
lastbyte        5200      20992
loop            541D      21533
midiadr         5204      20996
midiadrh        5205      20997
midiavail       539D      21405
mididata       =5454      21588
midiend        =C091      49297
next            5395      21397
notyet          53DE      21470
outa            540B      21515
outa1           540E      21518
process         53AB      21419
short_delay     541A      21530
start           5329      21289
timer           5207      20999
timer0          5206      20998
timer0delta     5201      20993
timerh          5208      21000
title0          5209      21001
title1          520A      21002
title2          524A      21066
title3          526E      21102
title4          526F      21103
title5          52A3      21155
